# JRE version: OpenJDK Runtime Environment Temurin-22.0.1+8 (22.0.1+8) (build 22.0.1+8)
# Java VM: OpenJDK 64-Bit Server VM Temurin-22.0.1+8 (22.0.1+8, mixed mode, tiered, compressed oops, compressed class ptrs, g1 gc, windows-amd64)
GC Precious Log:
 CardTable entry size: 512
 Card Set container configuration: InlinePtr #cards 4 size 8 Array Of Cards #cards 16 size 48 Howl #buckets 8 coarsen threshold 3686 Howl Bitmap #cards 512 size 80 coarsen threshold 460 Card regions per heap region 1 cards per card region 4096
 CPUs: 12 total, 12 available
 Memory: 16288M
 Large Page Support: Disabled
 NUMA Support: Disabled
 Compressed Oops: Enabled (Zero based)
 Heap Region Size: 2M
 Heap Min Capacity: 8M
 Heap Initial Capacity: 256M
 Heap Max Capacity: 4074M
 Pre-touch: Disabled
 Parallel Workers: 10
 Concurrent Workers: 3
 Concurrent Refinement Workers: 10
 Periodic GC: Disabled
Heap:
 garbage-first heap   total reserved 4171776K, committed 63488K, used 45027K [0x0000000701600000, 0x0000000800000000)
  region size 2048K, 17 young (34816K), 2 survivors (4096K)
 Metaspace       used 43838K, committed 44352K, reserved 1114112K
  class space    used 5014K, committed 5248K, reserved 1048576K
GC Heap History (20 events):
Event: 0.541 GC heap before
{Heap before GC invocations=0 (full 0):
 garbage-first heap   total reserved 4171776K, committed 262144K, used 22528K [0x0000000701600000, 0x0000000800000000)
  region size 2048K, 12 young (24576K), 0 survivors (0K)
 Metaspace       used 13254K, committed 13440K, reserved 1114112K
  class space    used 1172K, committed 1280K, reserved 1048576K
}
Event: 0.543 GC heap after
{Heap after GC invocations=1 (full 0):
 garbage-first heap   total reserved 4171776K, committed 262144K, used 6900K [0x0000000701600000, 0x0000000800000000)
  region size 2048K, 2 young (4096K), 2 survivors (4096K)
 Metaspace       used 13254K, committed 13440K, reserved 1114112K
  class space    used 1172K, committed 1280K, reserved 1048576K
}
Event: 0.806 GC heap before
{Heap before GC invocations=1 (full 0):
 garbage-first heap   total reserved 4171776K, committed 262144K, used 37620K [0x0000000701600000, 0x0000000800000000)
  region size 2048K, 18 young (36864K), 2 survivors (4096K)
 Metaspace       used 18241K, committed 18432K, reserved 1114112K
  class space    used 1772K, committed 1856K, reserved 1048576K
}
Event: 0.808 GC heap after
{Heap after GC invocations=2 (full 0):
 garbage-first heap   total reserved 4171776K, committed 262144K, used 8645K [0x0000000701600000, 0x0000000800000000)
  region size 2048K, 1 young (2048K), 1 survivors (2048K)
 Metaspace       used 18241K, committed 18432K, reserved 1114112K
  class space    used 1772K, committed 1856K, reserved 1048576K
}
Event: 0.986 GC heap before
{Heap before GC invocations=2 (full 0):
 garbage-first heap   total reserved 4171776K, committed 262144K, used 33221K [0x0000000701600000, 0x0000000800000000)
  region size 2048K, 15 young (30720K), 1 survivors (2048K)
 Metaspace       used 21234K, committed 21504K, reserved 1114112K
  class space    used 2189K, committed 2304K, reserved 1048576K
}
Event: 0.988 GC heap after
{Heap after GC invocations=3 (full 0):
 garbage-first heap   total reserved 4171776K, committed 262144K, used 9565K [0x0000000701600000, 0x0000000800000000)
  region size 2048K, 2 young (4096K), 2 survivors (4096K)
 Metaspace       used 21234K, committed 21504K, reserved 1114112K
  class space    used 2189K, committed 2304K, reserved 1048576K
}
Event: 1.075 GC heap before
{Heap before GC invocations=4 (full 0):
 garbage-first heap   total reserved 4171776K, committed 40960K, used 38237K [0x0000000701600000, 0x0000000800000000)
  region size 2048K, 16 young (32768K), 2 survivors (4096K)
 Metaspace       used 24997K, committed 25280K, reserved 1114112K
  class space    used 2590K, committed 2752K, reserved 1048576K
}
Event: 1.077 GC heap after
{Heap after GC invocations=5 (full 0):
 garbage-first heap   total reserved 4171776K, committed 45056K, used 10099K [0x0000000701600000, 0x0000000800000000)
  region size 2048K, 2 young (4096K), 2 survivors (4096K)
 Metaspace       used 24997K, committed 25280K, reserved 1114112K
  class space    used 2590K, committed 2752K, reserved 1048576K
}
Event: 1.145 GC heap before
{Heap before GC invocations=5 (full 0):
 garbage-first heap   total reserved 4171776K, committed 45056K, used 32627K [0x0000000701600000, 0x0000000800000000)
  region size 2048K, 13 young (26624K), 2 survivors (4096K)
 Metaspace       used 27177K, committed 27456K, reserved 1114112K
  class space    used 2866K, committed 2944K, reserved 1048576K
}
Event: 1.147 GC heap after
{Heap after GC invocations=6 (full 0):
 garbage-first heap   total reserved 4171776K, committed 45056K, used 10741K [0x0000000701600000, 0x0000000800000000)
  region size 2048K, 2 young (4096K), 2 survivors (4096K)
 Metaspace       used 27177K, committed 27456K, reserved 1114112K
  class space    used 2866K, committed 2944K, reserved 1048576K
}
Event: 1.200 GC heap before
{Heap before GC invocations=6 (full 0):
 garbage-first heap   total reserved 4171776K, committed 45056K, used 33269K [0x0000000701600000, 0x0000000800000000)
  region size 2048K, 13 young (26624K), 2 survivors (4096K)
 Metaspace       used 29093K, committed 29376K, reserved 1114112K
  class space    used 3140K, committed 3264K, reserved 1048576K
}
Event: 1.201 GC heap after
{Heap after GC invocations=7 (full 0):
 garbage-first heap   total reserved 4171776K, committed 45056K, used 11076K [0x0000000701600000, 0x0000000800000000)
  region size 2048K, 1 young (2048K), 1 survivors (2048K)
 Metaspace       used 29093K, committed 29376K, reserved 1114112K
  class space    used 3140K, committed 3264K, reserved 1048576K
}
Event: 1.372 GC heap before
{Heap before GC invocations=7 (full 0):
 garbage-first heap   total reserved 4171776K, committed 45056K, used 33604K [0x0000000701600000, 0x0000000800000000)
  region size 2048K, 13 young (26624K), 1 survivors (2048K)
 Metaspace       used 30973K, committed 31232K, reserved 1114112K
  class space    used 3341K, committed 3456K, reserved 1048576K
}
Event: 1.374 GC heap after
{Heap after GC invocations=8 (full 0):
 garbage-first heap   total reserved 4171776K, committed 153600K, used 12564K [0x0000000701600000, 0x0000000800000000)
  region size 2048K, 2 young (4096K), 2 survivors (4096K)
 Metaspace       used 30973K, committed 31232K, reserved 1114112K
  class space    used 3341K, committed 3456K, reserved 1048576K
}
Event: 1.930 GC heap before
{Heap before GC invocations=8 (full 0):
 garbage-first heap   total reserved 4171776K, committed 153600K, used 88340K [0x0000000701600000, 0x0000000800000000)
  region size 2048K, 40 young (81920K), 2 survivors (4096K)
 Metaspace       used 35821K, committed 36096K, reserved 1114112K
  class space    used 3938K, committed 4096K, reserved 1048576K
}
Event: 1.933 GC heap after
{Heap after GC invocations=9 (full 0):
 garbage-first heap   total reserved 4171776K, committed 153600K, used 15251K [0x0000000701600000, 0x0000000800000000)
  region size 2048K, 3 young (6144K), 3 survivors (6144K)
 Metaspace       used 35821K, committed 36096K, reserved 1114112K
  class space    used 3938K, committed 4096K, reserved 1048576K
}
Event: 2.246 GC heap before
{Heap before GC invocations=10 (full 0):
 garbage-first heap   total reserved 4171776K, committed 55296K, used 54163K [0x0000000701600000, 0x0000000800000000)
  region size 2048K, 22 young (45056K), 3 survivors (6144K)
 Metaspace       used 38934K, committed 39424K, reserved 1114112K
  class space    used 4397K, committed 4608K, reserved 1048576K
}
Event: 2.250 GC heap after
{Heap after GC invocations=11 (full 0):
 garbage-first heap   total reserved 4171776K, committed 63488K, used 17278K [0x0000000701600000, 0x0000000800000000)
  region size 2048K, 4 young (8192K), 4 survivors (8192K)
 Metaspace       used 38934K, committed 39424K, reserved 1114112K
  class space    used 4397K, committed 4608K, reserved 1048576K
}
Event: 2.474 GC heap before
{Heap before GC invocations=11 (full 0):
 garbage-first heap   total reserved 4171776K, committed 63488K, used 45950K [0x0000000701600000, 0x0000000800000000)
  region size 2048K, 18 young (36864K), 4 survivors (8192K)
 Metaspace       used 41285K, committed 41792K, reserved 1114112K
  class space    used 4721K, committed 4928K, reserved 1048576K
}
Event: 2.478 GC heap after
{Heap after GC invocations=12 (full 0):
 garbage-first heap   total reserved 4171776K, committed 63488K, used 18403K [0x0000000701600000, 0x0000000800000000)
  region size 2048K, 2 young (4096K), 2 survivors (4096K)
 Metaspace       used 41285K, committed 41792K, reserved 1114112K
  class space    used 4721K, committed 4928K, reserved 1048576K
}

