# JRE version: OpenJDK Runtime Environment Temurin-22.0.1+8 (22.0.1+8) (build 22.0.1+8)
# Java VM: OpenJDK 64-Bit Server VM Temurin-22.0.1+8 (22.0.1+8, mixed mode, tiered, compressed oops, compressed class ptrs, g1 gc, windows-amd64)
GC Precious Log:
 CardTable entry size: 512
 Card Set container configuration: InlinePtr #cards 4 size 8 Array Of Cards #cards 16 size 48 Howl #buckets 8 coarsen threshold 3686 Howl Bitmap #cards 512 size 80 coarsen threshold 460 Card regions per heap region 1 cards per card region 4096
 CPUs: 12 total, 12 available
 Memory: 16288M
 Large Page Support: Disabled
 NUMA Support: Disabled
 Compressed Oops: Enabled (Zero based)
 Heap Region Size: 2M
 Heap Min Capacity: 8M
 Heap Initial Capacity: 256M
 Heap Max Capacity: 4074M
 Pre-touch: Disabled
 Parallel Workers: 10
 Concurrent Workers: 3
 Concurrent Refinement Workers: 10
 Periodic GC: Disabled
Heap:
 garbage-first heap   total reserved 4171776K, committed 63488K, used 42945K [0x0000000701600000, 0x0000000800000000)
  region size 2048K, 16 young (32768K), 2 survivors (4096K)
 Metaspace       used 43789K, committed 44352K, reserved 1114112K
  class space    used 5007K, committed 5248K, reserved 1048576K
GC Heap History (20 events):
Event: 0.498 GC heap before
{Heap before GC invocations=0 (full 0):
 garbage-first heap   total reserved 4171776K, committed 262144K, used 22528K [0x0000000701600000, 0x0000000800000000)
  region size 2048K, 12 young (24576K), 0 survivors (0K)
 Metaspace       used 13249K, committed 13440K, reserved 1114112K
  class space    used 1171K, committed 1280K, reserved 1048576K
}
Event: 0.500 GC heap after
{Heap after GC invocations=1 (full 0):
 garbage-first heap   total reserved 4171776K, committed 262144K, used 7416K [0x0000000701600000, 0x0000000800000000)
  region size 2048K, 2 young (4096K), 2 survivors (4096K)
 Metaspace       used 13249K, committed 13440K, reserved 1114112K
  class space    used 1171K, committed 1280K, reserved 1048576K
}
Event: 0.766 GC heap before
{Heap before GC invocations=1 (full 0):
 garbage-first heap   total reserved 4171776K, committed 262144K, used 38136K [0x0000000701600000, 0x0000000800000000)
  region size 2048K, 18 young (36864K), 2 survivors (4096K)
 Metaspace       used 18235K, committed 18432K, reserved 1114112K
  class space    used 1771K, committed 1856K, reserved 1048576K
}
Event: 0.769 GC heap after
{Heap after GC invocations=2 (full 0):
 garbage-first heap   total reserved 4171776K, committed 262144K, used 8691K [0x0000000701600000, 0x0000000800000000)
  region size 2048K, 1 young (2048K), 1 survivors (2048K)
 Metaspace       used 18235K, committed 18432K, reserved 1114112K
  class space    used 1771K, committed 1856K, reserved 1048576K
}
Event: 0.959 GC heap before
{Heap before GC invocations=2 (full 0):
 garbage-first heap   total reserved 4171776K, committed 262144K, used 35315K [0x0000000701600000, 0x0000000800000000)
  region size 2048K, 15 young (30720K), 1 survivors (2048K)
 Metaspace       used 21299K, committed 21504K, reserved 1114112K
  class space    used 2193K, committed 2304K, reserved 1048576K
}
Event: 0.961 GC heap after
{Heap after GC invocations=3 (full 0):
 garbage-first heap   total reserved 4171776K, committed 262144K, used 9580K [0x0000000701600000, 0x0000000800000000)
  region size 2048K, 2 young (4096K), 2 survivors (4096K)
 Metaspace       used 21299K, committed 21504K, reserved 1114112K
  class space    used 2193K, committed 2304K, reserved 1048576K
}
Event: 1.054 GC heap before
{Heap before GC invocations=4 (full 0):
 garbage-first heap   total reserved 4171776K, committed 40960K, used 38252K [0x0000000701600000, 0x0000000800000000)
  region size 2048K, 16 young (32768K), 2 survivors (4096K)
 Metaspace       used 24963K, committed 25280K, reserved 1114112K
  class space    used 2585K, committed 2752K, reserved 1048576K
}
Event: 1.056 GC heap after
{Heap after GC invocations=5 (full 0):
 garbage-first heap   total reserved 4171776K, committed 45056K, used 10347K [0x0000000701600000, 0x0000000800000000)
  region size 2048K, 2 young (4096K), 2 survivors (4096K)
 Metaspace       used 24963K, committed 25280K, reserved 1114112K
  class space    used 2585K, committed 2752K, reserved 1048576K
}
Event: 1.132 GC heap before
{Heap before GC invocations=5 (full 0):
 garbage-first heap   total reserved 4171776K, committed 45056K, used 32875K [0x0000000701600000, 0x0000000800000000)
  region size 2048K, 13 young (26624K), 2 survivors (4096K)
 Metaspace       used 27211K, committed 27520K, reserved 1114112K
  class space    used 2869K, committed 3008K, reserved 1048576K
}
Event: 1.134 GC heap after
{Heap after GC invocations=6 (full 0):
 garbage-first heap   total reserved 4171776K, committed 45056K, used 10845K [0x0000000701600000, 0x0000000800000000)
  region size 2048K, 2 young (4096K), 2 survivors (4096K)
 Metaspace       used 27211K, committed 27520K, reserved 1114112K
  class space    used 2869K, committed 3008K, reserved 1048576K
}
Event: 1.191 GC heap before
{Heap before GC invocations=6 (full 0):
 garbage-first heap   total reserved 4171776K, committed 45056K, used 31325K [0x0000000701600000, 0x0000000800000000)
  region size 2048K, 13 young (26624K), 2 survivors (4096K)
 Metaspace       used 29146K, committed 29440K, reserved 1114112K
  class space    used 3151K, committed 3328K, reserved 1048576K
}
Event: 1.193 GC heap after
{Heap after GC invocations=7 (full 0):
 garbage-first heap   total reserved 4171776K, committed 45056K, used 11238K [0x0000000701600000, 0x0000000800000000)
  region size 2048K, 1 young (2048K), 1 survivors (2048K)
 Metaspace       used 29146K, committed 29440K, reserved 1114112K
  class space    used 3151K, committed 3328K, reserved 1048576K
}
Event: 1.392 GC heap before
{Heap before GC invocations=7 (full 0):
 garbage-first heap   total reserved 4171776K, committed 45056K, used 35814K [0x0000000701600000, 0x0000000800000000)
  region size 2048K, 13 young (26624K), 1 survivors (2048K)
 Metaspace       used 30983K, committed 31296K, reserved 1114112K
  class space    used 3347K, committed 3520K, reserved 1048576K
}
Event: 1.393 GC heap after
{Heap after GC invocations=8 (full 0):
 garbage-first heap   total reserved 4171776K, committed 153600K, used 12724K [0x0000000701600000, 0x0000000800000000)
  region size 2048K, 2 young (4096K), 2 survivors (4096K)
 Metaspace       used 30983K, committed 31296K, reserved 1114112K
  class space    used 3347K, committed 3520K, reserved 1048576K
}
Event: 1.949 GC heap before
{Heap before GC invocations=8 (full 0):
 garbage-first heap   total reserved 4171776K, committed 153600K, used 84404K [0x0000000701600000, 0x0000000800000000)
  region size 2048K, 39 young (79872K), 2 survivors (4096K)
 Metaspace       used 35758K, committed 36096K, reserved 1114112K
  class space    used 3930K, committed 4096K, reserved 1048576K
}
Event: 1.952 GC heap after
{Heap after GC invocations=9 (full 0):
 garbage-first heap   total reserved 4171776K, committed 153600K, used 15395K [0x0000000701600000, 0x0000000800000000)
  region size 2048K, 3 young (6144K), 3 survivors (6144K)
 Metaspace       used 35758K, committed 36096K, reserved 1114112K
  class space    used 3930K, committed 4096K, reserved 1048576K
}
Event: 2.251 GC heap before
{Heap before GC invocations=10 (full 0):
 garbage-first heap   total reserved 4171776K, committed 55296K, used 54307K [0x0000000701600000, 0x0000000800000000)
  region size 2048K, 22 young (45056K), 3 survivors (6144K)
 Metaspace       used 38832K, committed 39296K, reserved 1114112K
  class space    used 4374K, committed 4608K, reserved 1048576K
}
Event: 2.256 GC heap after
{Heap after GC invocations=11 (full 0):
 garbage-first heap   total reserved 4171776K, committed 63488K, used 17221K [0x0000000701600000, 0x0000000800000000)
  region size 2048K, 4 young (8192K), 4 survivors (8192K)
 Metaspace       used 38832K, committed 39296K, reserved 1114112K
  class space    used 4374K, committed 4608K, reserved 1048576K
}
Event: 2.508 GC heap before
{Heap before GC invocations=11 (full 0):
 garbage-first heap   total reserved 4171776K, committed 63488K, used 45893K [0x0000000701600000, 0x0000000800000000)
  region size 2048K, 18 young (36864K), 4 survivors (8192K)
 Metaspace       used 41277K, committed 41792K, reserved 1114112K
  class space    used 4721K, committed 4928K, reserved 1048576K
}
Event: 2.512 GC heap after
{Heap after GC invocations=12 (full 0):
 garbage-first heap   total reserved 4171776K, committed 63488K, used 18369K [0x0000000701600000, 0x0000000800000000)
  region size 2048K, 2 young (4096K), 2 survivors (4096K)
 Metaspace       used 41277K, committed 41792K, reserved 1114112K
  class space    used 4721K, committed 4928K, reserved 1048576K
}

